ARM GAS  C:\Users\LIUXIN~1\AppData\Local\Temp\cc0tdhRf.s 			page 1


   1              		.cpu cortex-m4
   2              		.arch armv7e-m
   3              		.fpu fpv4-sp-d16
   4              		.eabi_attribute 27, 1
   5              		.eabi_attribute 28, 1
   6              		.eabi_attribute 20, 1
   7              		.eabi_attribute 21, 1
   8              		.eabi_attribute 23, 3
   9              		.eabi_attribute 24, 1
  10              		.eabi_attribute 25, 1
  11              		.eabi_attribute 26, 1
  12              		.eabi_attribute 30, 1
  13              		.eabi_attribute 34, 1
  14              		.eabi_attribute 18, 4
  15              		.file	"gpio.c"
  16              		.text
  17              	.Ltext0:
  18              		.cfi_sections	.debug_frame
  19              		.section	.text.MX_GPIO_Init,"ax",%progbits
  20              		.align	1
  21              		.global	MX_GPIO_Init
  22              		.syntax unified
  23              		.thumb
  24              		.thumb_func
  26              	MX_GPIO_Init:
  27              	.LFB132:
  28              		.file 1 "Core/Src/gpio.c"
   1:Core/Src/gpio.c **** /* USER CODE BEGIN Header */
   2:Core/Src/gpio.c **** /**
   3:Core/Src/gpio.c ****   ******************************************************************************
   4:Core/Src/gpio.c ****   * @file    gpio.c
   5:Core/Src/gpio.c ****   * @brief   This file provides code for the configuration
   6:Core/Src/gpio.c ****   *          of all used GPIO pins.
   7:Core/Src/gpio.c ****   ******************************************************************************
   8:Core/Src/gpio.c ****   * @attention
   9:Core/Src/gpio.c ****   *
  10:Core/Src/gpio.c ****   * Copyright (c) 2022 STMicroelectronics.
  11:Core/Src/gpio.c ****   * All rights reserved.
  12:Core/Src/gpio.c ****   *
  13:Core/Src/gpio.c ****   * This software is licensed under terms that can be found in the LICENSE file
  14:Core/Src/gpio.c ****   * in the root directory of this software component.
  15:Core/Src/gpio.c ****   * If no LICENSE file comes with this software, it is provided AS-IS.
  16:Core/Src/gpio.c ****   *
  17:Core/Src/gpio.c ****   ******************************************************************************
  18:Core/Src/gpio.c ****   */
  19:Core/Src/gpio.c **** /* USER CODE END Header */
  20:Core/Src/gpio.c **** 
  21:Core/Src/gpio.c **** /* Includes ------------------------------------------------------------------*/
  22:Core/Src/gpio.c **** #include "gpio.h"
  23:Core/Src/gpio.c **** 
  24:Core/Src/gpio.c **** /* USER CODE BEGIN 0 */
  25:Core/Src/gpio.c **** 
  26:Core/Src/gpio.c **** /* USER CODE END 0 */
  27:Core/Src/gpio.c **** 
  28:Core/Src/gpio.c **** /*----------------------------------------------------------------------------*/
  29:Core/Src/gpio.c **** /* Configure GPIO                                                             */
  30:Core/Src/gpio.c **** /*----------------------------------------------------------------------------*/
ARM GAS  C:\Users\LIUXIN~1\AppData\Local\Temp\cc0tdhRf.s 			page 2


  31:Core/Src/gpio.c **** /* USER CODE BEGIN 1 */
  32:Core/Src/gpio.c **** 
  33:Core/Src/gpio.c **** /* USER CODE END 1 */
  34:Core/Src/gpio.c **** 
  35:Core/Src/gpio.c **** /** Configure pins as
  36:Core/Src/gpio.c ****         * Analog
  37:Core/Src/gpio.c ****         * Input
  38:Core/Src/gpio.c ****         * Output
  39:Core/Src/gpio.c ****         * EVENT_OUT
  40:Core/Src/gpio.c ****         * EXTI
  41:Core/Src/gpio.c **** */
  42:Core/Src/gpio.c **** void MX_GPIO_Init(void)
  43:Core/Src/gpio.c **** {
  29              		.loc 1 43 1 view -0
  30              		.cfi_startproc
  31              		@ args = 0, pretend = 0, frame = 8
  32              		@ frame_needed = 0, uses_anonymous_args = 0
  33              		@ link register save eliminated.
  34 0000 82B0     		sub	sp, sp, #8
  35              	.LCFI0:
  36              		.cfi_def_cfa_offset 8
  44:Core/Src/gpio.c **** 
  45:Core/Src/gpio.c ****   /* GPIO Ports Clock Enable */
  46:Core/Src/gpio.c ****   __HAL_RCC_GPIOH_CLK_ENABLE();
  37              		.loc 1 46 3 view .LVU1
  38              	.LBB2:
  39              		.loc 1 46 3 view .LVU2
  40              		.loc 1 46 3 view .LVU3
  41 0002 0A4B     		ldr	r3, .L3
  42 0004 DA6C     		ldr	r2, [r3, #76]
  43 0006 42F08002 		orr	r2, r2, #128
  44 000a DA64     		str	r2, [r3, #76]
  45              		.loc 1 46 3 view .LVU4
  46 000c DA6C     		ldr	r2, [r3, #76]
  47 000e 02F08002 		and	r2, r2, #128
  48 0012 0092     		str	r2, [sp]
  49              		.loc 1 46 3 view .LVU5
  50 0014 009A     		ldr	r2, [sp]
  51              	.LBE2:
  52              		.loc 1 46 3 view .LVU6
  47:Core/Src/gpio.c ****   __HAL_RCC_GPIOA_CLK_ENABLE();
  53              		.loc 1 47 3 view .LVU7
  54              	.LBB3:
  55              		.loc 1 47 3 view .LVU8
  56              		.loc 1 47 3 view .LVU9
  57 0016 DA6C     		ldr	r2, [r3, #76]
  58 0018 42F00102 		orr	r2, r2, #1
  59 001c DA64     		str	r2, [r3, #76]
  60              		.loc 1 47 3 view .LVU10
  61 001e DB6C     		ldr	r3, [r3, #76]
  62 0020 03F00103 		and	r3, r3, #1
  63 0024 0193     		str	r3, [sp, #4]
  64              		.loc 1 47 3 view .LVU11
  65 0026 019B     		ldr	r3, [sp, #4]
  66              	.LBE3:
  67              		.loc 1 47 3 view .LVU12
  48:Core/Src/gpio.c **** 
ARM GAS  C:\Users\LIUXIN~1\AppData\Local\Temp\cc0tdhRf.s 			page 3


  49:Core/Src/gpio.c **** }
  68              		.loc 1 49 1 is_stmt 0 view .LVU13
  69 0028 02B0     		add	sp, sp, #8
  70              	.LCFI1:
  71              		.cfi_def_cfa_offset 0
  72              		@ sp needed
  73 002a 7047     		bx	lr
  74              	.L4:
  75              		.align	2
  76              	.L3:
  77 002c 00100240 		.word	1073876992
  78              		.cfi_endproc
  79              	.LFE132:
  81              		.text
  82              	.Letext0:
  83              		.file 2 "d:\\appcache\\armchain\\10 2021.10\\arm-none-eabi\\include\\machine\\_default_types.h"
  84              		.file 3 "d:\\appcache\\armchain\\10 2021.10\\arm-none-eabi\\include\\sys\\_stdint.h"
  85              		.file 4 "Drivers/CMSIS/Device/ST/STM32L4xx/Include/stm32l476xx.h"
ARM GAS  C:\Users\LIUXIN~1\AppData\Local\Temp\cc0tdhRf.s 			page 4


DEFINED SYMBOLS
                            *ABS*:00000000 gpio.c
C:\Users\LIUXIN~1\AppData\Local\Temp\cc0tdhRf.s:20     .text.MX_GPIO_Init:00000000 $t
C:\Users\LIUXIN~1\AppData\Local\Temp\cc0tdhRf.s:26     .text.MX_GPIO_Init:00000000 MX_GPIO_Init
C:\Users\LIUXIN~1\AppData\Local\Temp\cc0tdhRf.s:77     .text.MX_GPIO_Init:0000002c $d

NO UNDEFINED SYMBOLS
